<?xml version="1.0" encoding="UTF-8"?>
<testsuite name="com.bmcl.refactoring.example5.TurtleTest" tests="3" skipped="0" failures="0" errors="0" timestamp="2024-11-05T21:39:08" hostname="GUSTAVO_HPA" time="0.002">
  <properties/>
  <testcase name="testForward()" classname="com.bmcl.refactoring.example5.TurtleTest" time="0.001"/>
  <testcase name="testRotateLeft()" classname="com.bmcl.refactoring.example5.TurtleTest" time="0.0"/>
  <testcase name="testRotateRight()" classname="com.bmcl.refactoring.example5.TurtleTest" time="0.0"/>
  <system-out><![CDATA[]]></system-out>
  <system-err><![CDATA[]]></system-err>
</testsuite>
