<?xml version="1.0" encoding="UTF-8"?>
<testsuite name="com.bmcl.refactoring.example1.OrderTest" tests="2" skipped="0" failures="0" errors="0" timestamp="2024-11-05T21:39:07" hostname="GUSTAVO_HPA" time="0.016">
  <properties/>
  <testcase name="printOrder()" classname="com.bmcl.refactoring.example1.OrderTest" time="0.015"/>
  <testcase name="isElegibleForFreeDelivery()" classname="com.bmcl.refactoring.example1.OrderTest" time="0.001"/>
  <system-out><![CDATA[]]></system-out>
  <system-err><![CDATA[]]></system-err>
</testsuite>
