<?xml version="1.0" encoding="UTF-8"?>
<testsuite name="com.bmcl.refactoring.example2.ShapeTest" tests="6" skipped="0" failures="0" errors="0" timestamp="2024-11-05T21:39:07" hostname="GUSTAVO_HPA" time="0.42">
  <properties/>
  <testcase name="getAreaRectangle()" classname="com.bmcl.refactoring.example2.ShapeTest" time="0.0"/>
  <testcase name="getPerimeterCircle()" classname="com.bmcl.refactoring.example2.ShapeTest" time="0.0"/>
  <testcase name="drawCircle()" classname="com.bmcl.refactoring.example2.ShapeTest" time="0.414"/>
  <testcase name="getAreaCircle()" classname="com.bmcl.refactoring.example2.ShapeTest" time="0.0"/>
  <testcase name="getPerimeterRectangle()" classname="com.bmcl.refactoring.example2.ShapeTest" time="0.0"/>
  <testcase name="drawRectangle()" classname="com.bmcl.refactoring.example2.ShapeTest" time="0.002"/>
  <system-out><![CDATA[]]></system-out>
  <system-err><![CDATA[]]></system-err>
</testsuite>
