<?xml version="1.0" encoding="UTF-8"?>
<testsuite name="com.bmcl.refactoring.example4.WorkerTest" tests="3" skipped="0" failures="0" errors="0" timestamp="2024-11-05T21:39:08" hostname="GUSTAVO_HPA" time="0.004">
  <properties/>
  <testcase name="testClient()" classname="com.bmcl.refactoring.example4.WorkerTest" time="0.002"/>
  <testcase name="testWorker()" classname="com.bmcl.refactoring.example4.WorkerTest" time="0.0"/>
  <testcase name="testSupervisor()" classname="com.bmcl.refactoring.example4.WorkerTest" time="0.001"/>
  <system-out><![CDATA[]]></system-out>
  <system-err><![CDATA[]]></system-err>
</testsuite>
